<?xml version="1.0" encoding="UTF-8" ?>
<testsuite failures="0" time="0.052" errors="0" skipped="0" tests="20" name="com.cgi.workshop.cucumber.RunCukesTest">
  <properties>
    <property name="idea.version" value="14.0.3"/>
    <property name="java.runtime.name" value="Java(TM) SE Runtime Environment"/>
    <property name="sun.boot.library.path" value="C:\Program Files\Java\jdk1.7.0_75\jre\bin"/>
    <property name="java.vm.version" value="24.75-b04"/>
    <property name="user.country.format" value="NL"/>
    <property name="java.vm.vendor" value="Oracle Corporation"/>
    <property name="java.vendor.url" value="http://java.oracle.com/"/>
    <property name="path.separator" value=";"/>
    <property name="guice.disable.misplaced.annotation.check" value="true"/>
    <property name="java.vm.name" value="Java HotSpot(TM) 64-Bit Server VM"/>
    <property name="file.encoding.pkg" value="sun.io"/>
    <property name="idea.launcher.port" value="7533"/>
    <property name="user.script" value=""/>
    <property name="user.country" value="US"/>
    <property name="sun.java.launcher" value="SUN_STANDARD"/>
    <property name="sun.os.patch.level" value="Service Pack 1"/>
    <property name="java.vm.specification.name" value="Java Virtual Machine Specification"/>
    <property name="user.dir" value="C:\work\cgi\workshops\git\cgi-workshops\tests"/>
    <property name="java.runtime.version" value="1.7.0_75-b13"/>
    <property name="java.awt.graphicsenv" value="sun.awt.Win32GraphicsEnvironment"/>
    <property name="java.endorsed.dirs" value="C:\Program Files\Java\jdk1.7.0_75\jre\lib\endorsed"/>
    <property name="os.arch" value="amd64"/>
    <property name="java.io.tmpdir" value="C:\Users\sollmanr\AppData\Local\Temp\"/>
    <property name="line.separator" value="
"/>
    <property name="java.vm.specification.vendor" value="Oracle Corporation"/>
    <property name="user.variant" value=""/>
    <property name="os.name" value="Windows 7"/>
    <property name="classworlds.conf" value="C:\work\tools\maven\bin\m2.conf"/>
    <property name="sun.jnu.encoding" value="Cp1252"/>
    <property name="java.library.path" value="C:\Program Files\Java\jdk1.7.0_75\bin;C:\WINDOWS\Sun\Java\bin;C:\WINDOWS\system32;C:\WINDOWS;C:\WINDOWS\system32;C:\WINDOWS;C:\WINDOWS\System32\Wbem;C:\WINDOWS\System32\WindowsPowerShell\v1.0\;C:\Program Files\Symantec\Symantec Endpoint Encryption Clients\;C:\work\tools\maven\bin;C:\Program Files\Java\jdk1.7.0_75\bin;C:\Program Files\TortoiseSVN\bin;C:\work\tools\ant\bin;C:\Program Files (x86)\Git\cmd;C:\Vagrant\bin;C:\Program Files (x86)\Git\bin;C:\Program Files\SourceGear\Common\DiffMerge\;."/>
    <property name="java.specification.name" value="Java Platform API Specification"/>
    <property name="java.class.version" value="51.0"/>
    <property name="sun.management.compiler" value="HotSpot 64-Bit Tiered Compilers"/>
    <property name="os.version" value="6.1"/>
    <property name="user.home" value="C:\Users\sollmanr"/>
    <property name="user.timezone" value="Europe/Berlin"/>
    <property name="java.awt.printerjob" value="sun.awt.windows.WPrinterJob"/>
    <property name="java.specification.version" value="1.7"/>
    <property name="idea.launcher.bin.path" value="C:\Program Files (x86)\JetBrains\IntelliJ IDEA 14.0.3\bin"/>
    <property name="file.encoding" value="UTF-8"/>
    <property name="user.name" value="sollmanr"/>
    <property name="java.class.path" value="C:\work\tools\maven\boot\plexus-classworlds-2.5.2.jar;C:\Program Files (x86)\JetBrains\IntelliJ IDEA 14.0.3\lib\idea_rt.jar"/>
    <property name="java.vm.specification.version" value="1.7"/>
    <property name="sun.arch.data.model" value="64"/>
    <property name="java.home" value="C:\Program Files\Java\jdk1.7.0_75\jre"/>
    <property name="sun.java.command" value="com.intellij.rt.execution.application.AppMain org.codehaus.classworlds.Launcher -Didea.version=14.0.3 clean install"/>
    <property name="java.specification.vendor" value="Oracle Corporation"/>
    <property name="user.language" value="en"/>
    <property name="user.language.format" value="nl"/>
    <property name="awt.toolkit" value="sun.awt.windows.WToolkit"/>
    <property name="java.vm.info" value="mixed mode"/>
    <property name="java.version" value="1.7.0_75"/>
    <property name="java.ext.dirs" value="C:\Program Files\Java\jdk1.7.0_75\jre\lib\ext;C:\WINDOWS\Sun\Java\lib\ext"/>
    <property name="sun.boot.class.path" value="C:\Program Files\Java\jdk1.7.0_75\jre\lib\resources.jar;C:\Program Files\Java\jdk1.7.0_75\jre\lib\rt.jar;C:\Program Files\Java\jdk1.7.0_75\jre\lib\sunrsasign.jar;C:\Program Files\Java\jdk1.7.0_75\jre\lib\jsse.jar;C:\Program Files\Java\jdk1.7.0_75\jre\lib\jce.jar;C:\Program Files\Java\jdk1.7.0_75\jre\lib\charsets.jar;C:\Program Files\Java\jdk1.7.0_75\jre\lib\jfr.jar;C:\Program Files\Java\jdk1.7.0_75\jre\classes"/>
    <property name="java.vendor" value="Oracle Corporation"/>
    <property name="maven.home" value="C:\work\tools\maven"/>
    <property name="file.separator" value="\"/>
    <property name="java.vendor.url.bug" value="http://bugreport.sun.com/bugreport/"/>
    <property name="sun.cpu.endian" value="little"/>
    <property name="sun.io.unicode.encoding" value="UnicodeLittle"/>
    <property name="sun.desktop" value="windows"/>
    <property name="sun.cpu.isalist" value="amd64"/>
  </properties>
  <testcase time="0.002" classname="Scenario: OR function for boolean" name="When I pass the boolean &quot;0&quot; and &quot;0&quot;"/>
  <testcase time="0" classname="Scenario: OR function for boolean" name="And I execute the OR operation"/>
  <testcase time="0" classname="Scenario: OR function for boolean" name="Then I expect the result to be &quot;1&quot;"/>
  <testcase time="0.001" classname="Scenario: OR function for boolean" name="Scenario: OR function for boolean"/>
  <testcase time="0" classname="Scenario: Our memory decreases because there is the google search entry" name="Given I have an internet connection"/>
  <testcase time="0" classname="Scenario: Our memory decreases because there is the google search entry" name="When I browse to google.com"/>
  <testcase time="0" classname="Scenario: Our memory decreases because there is the google search entry" name="Then I expect the google homepage search entry"/>
  <testcase time="0" classname="Scenario: Our memory decreases because there is the google search entry" name="Scenario: Our memory decreases because there is the google search entry"/>
  <testcase time="0" classname="| valid | successfully |" name="Given I navigate to the mock application"/>
  <testcase time="0" classname="| valid | successfully |" name="When I try to login with &apos;valid&apos; credentials"/>
  <testcase time="0.018" classname="| valid | successfully |" name="Then I should see that I logged in &apos;successfully&apos;"/>
  <testcase time="0.03" classname="| valid | successfully |" name="| valid | successfully |"/>
  <testcase time="0" classname="| invalid | unsuccessfully |" name="Given I navigate to the mock application"/>
  <testcase time="0" classname="| invalid | unsuccessfully |" name="When I try to login with &apos;invalid&apos; credentials"/>
  <testcase time="0" classname="| invalid | unsuccessfully |" name="Then I should see that I logged in &apos;unsuccessfully&apos;"/>
  <testcase time="0" classname="| invalid | unsuccessfully |" name="| invalid | unsuccessfully |"/>
  <testcase time="0" classname="Scenario: An international coffee shop must handle currencies" name="Given the price list for an international coffee shop"/>
  <testcase time="0" classname="Scenario: An international coffee shop must handle currencies" name="When I buy 1 coffee and 1 donut"/>
  <testcase time="0" classname="Scenario: An international coffee shop must handle currencies" name="Then should I pay 1 EUR and 18 SEK"/>
  <testcase time="0.001" classname="Scenario: An international coffee shop must handle currencies" name="Scenario: An international coffee shop must handle currencies"/>
</testsuite>